{"C:\\Users\\jose_\\Documents\\noteflow_55\\app\\(tabs)\\checklists.tsx": {"path":"C:\\Users\\jose_\\Documents\\noteflow_55\\app\\(tabs)\\checklists.tsx","statementMap":{"0":{"start":{"line":10,"column":53},"end":{"line":10,"column":68}},"1":{"start":{"line":11,"column":17},"end":{"line":11,"column":28}},"2":{"start":{"line":12,"column":16},"end":{"line":12,"column":26}},"3":{"start":{"line":14,"column":2},"end":{"line":29,"column":3}},"4":{"start":{"line":15,"column":4},"end":{"line":28,"column":6}},"5":{"start":{"line":31,"column":18},"end":{"line":31,"column":55}},"6":{"start":{"line":31,"column":43},"end":{"line":31,"column":54}},"7":{"start":{"line":33,"column":2},"end":{"line":49,"column":4}},"8":{"start":{"line":36,"column":25},"end":{"line":36,"column":65}},"9":{"start":{"line":36,"column":57},"end":{"line":36,"column":63}},"10":{"start":{"line":41,"column":8},"end":{"line":46,"column":10}},"11":{"start":{"line":44,"column":25},"end":{"line":44,"column":62}},"12":{"start":{"line":45,"column":26},"end":{"line":45,"column":50}}},"fnMap":{"0":{"name":"ChecklistsScreen","decl":{"start":{"line":9,"column":24},"end":{"line":9,"column":40}},"loc":{"start":{"line":9,"column":43},"end":{"line":50,"column":1}},"line":9},"1":{"name":"(anonymous_1)","decl":{"start":{"line":31,"column":36},"end":{"line":31,"column":37}},"loc":{"start":{"line":31,"column":43},"end":{"line":31,"column":54}},"line":31},"2":{"name":"(anonymous_2)","decl":{"start":{"line":36,"column":18},"end":{"line":36,"column":19}},"loc":{"start":{"line":36,"column":25},"end":{"line":36,"column":65}},"line":36},"3":{"name":"(anonymous_3)","decl":{"start":{"line":36,"column":50},"end":{"line":36,"column":51}},"loc":{"start":{"line":36,"column":57},"end":{"line":36,"column":63}},"line":36},"4":{"name":"(anonymous_4)","decl":{"start":{"line":40,"column":18},"end":{"line":40,"column":19}},"loc":{"start":{"line":41,"column":8},"end":{"line":46,"column":10}},"line":41},"5":{"name":"(anonymous_5)","decl":{"start":{"line":44,"column":19},"end":{"line":44,"column":20}},"loc":{"start":{"line":44,"column":25},"end":{"line":44,"column":62}},"line":44},"6":{"name":"(anonymous_6)","decl":{"start":{"line":45,"column":20},"end":{"line":45,"column":21}},"loc":{"start":{"line":45,"column":26},"end":{"line":45,"column":50}},"line":45}},"branchMap":{"0":{"loc":{"start":{"line":14,"column":2},"end":{"line":29,"column":3}},"type":"if","locations":[{"start":{"line":14,"column":2},"end":{"line":29,"column":3}},{"start":{},"end":{}}],"line":14}},"s":{"0":2,"1":2,"2":2,"3":2,"4":0,"5":2,"6":1,"7":2,"8":0,"9":0,"10":0,"11":0,"12":0},"f":{"0":2,"1":1,"2":0,"3":0,"4":0,"5":0,"6":0},"b":{"0":[0,2]},"_coverageSchema":"1a1c01bbd47fc00a2c39e90264f33305004495a9","hash":"2a65cfbea4929a76d354d20f1005abd606d20fae"}
,"C:\\Users\\jose_\\Documents\\noteflow_55\\app\\(tabs)\\ideas.tsx": {"path":"C:\\Users\\jose_\\Documents\\noteflow_55\\app\\(tabs)\\ideas.tsx","statementMap":{"0":{"start":{"line":10,"column":43},"end":{"line":10,"column":58}},"1":{"start":{"line":11,"column":17},"end":{"line":11,"column":28}},"2":{"start":{"line":12,"column":16},"end":{"line":12,"column":26}},"3":{"start":{"line":14,"column":2},"end":{"line":29,"column":3}},"4":{"start":{"line":15,"column":4},"end":{"line":28,"column":6}},"5":{"start":{"line":31,"column":18},"end":{"line":31,"column":50}},"6":{"start":{"line":31,"column":38},"end":{"line":31,"column":49}},"7":{"start":{"line":33,"column":2},"end":{"line":49,"column":4}},"8":{"start":{"line":36,"column":25},"end":{"line":36,"column":53}},"9":{"start":{"line":41,"column":8},"end":{"line":46,"column":10}},"10":{"start":{"line":44,"column":25},"end":{"line":44,"column":57}},"11":{"start":{"line":45,"column":26},"end":{"line":45,"column":45}}},"fnMap":{"0":{"name":"IdeasScreen","decl":{"start":{"line":9,"column":24},"end":{"line":9,"column":35}},"loc":{"start":{"line":9,"column":38},"end":{"line":50,"column":1}},"line":9},"1":{"name":"(anonymous_1)","decl":{"start":{"line":31,"column":31},"end":{"line":31,"column":32}},"loc":{"start":{"line":31,"column":38},"end":{"line":31,"column":49}},"line":31},"2":{"name":"(anonymous_2)","decl":{"start":{"line":36,"column":18},"end":{"line":36,"column":19}},"loc":{"start":{"line":36,"column":25},"end":{"line":36,"column":53}},"line":36},"3":{"name":"(anonymous_3)","decl":{"start":{"line":40,"column":18},"end":{"line":40,"column":19}},"loc":{"start":{"line":41,"column":8},"end":{"line":46,"column":10}},"line":41},"4":{"name":"(anonymous_4)","decl":{"start":{"line":44,"column":19},"end":{"line":44,"column":20}},"loc":{"start":{"line":44,"column":25},"end":{"line":44,"column":57}},"line":44},"5":{"name":"(anonymous_5)","decl":{"start":{"line":45,"column":20},"end":{"line":45,"column":21}},"loc":{"start":{"line":45,"column":26},"end":{"line":45,"column":45}},"line":45}},"branchMap":{"0":{"loc":{"start":{"line":14,"column":2},"end":{"line":29,"column":3}},"type":"if","locations":[{"start":{"line":14,"column":2},"end":{"line":29,"column":3}},{"start":{},"end":{}}],"line":14},"1":{"loc":{"start":{"line":36,"column":39},"end":{"line":36,"column":51}},"type":"binary-expr","locations":[{"start":{"line":36,"column":39},"end":{"line":36,"column":45}},{"start":{"line":36,"column":49},"end":{"line":36,"column":51}}],"line":36}},"s":{"0":2,"1":2,"2":2,"3":2,"4":0,"5":2,"6":1,"7":2,"8":0,"9":0,"10":0,"11":0},"f":{"0":2,"1":1,"2":0,"3":0,"4":0,"5":0},"b":{"0":[0,2],"1":[0,0]},"_coverageSchema":"1a1c01bbd47fc00a2c39e90264f33305004495a9","hash":"a93146a4fcacc47f6a746081aec5413d482696e6"}
,"C:\\Users\\jose_\\Documents\\noteflow_55\\app\\(tabs)\\notas.tsx": {"path":"C:\\Users\\jose_\\Documents\\noteflow_55\\app\\(tabs)\\notas.tsx","statementMap":{"0":{"start":{"line":9,"column":43},"end":{"line":9,"column":58}},"1":{"start":{"line":10,"column":17},"end":{"line":10,"column":28}},"2":{"start":{"line":11,"column":16},"end":{"line":11,"column":26}},"3":{"start":{"line":13,"column":2},"end":{"line":28,"column":3}},"4":{"start":{"line":14,"column":4},"end":{"line":27,"column":6}},"5":{"start":{"line":30,"column":18},"end":{"line":30,"column":50}},"6":{"start":{"line":30,"column":38},"end":{"line":30,"column":49}},"7":{"start":{"line":32,"column":2},"end":{"line":48,"column":4}},"8":{"start":{"line":35,"column":25},"end":{"line":35,"column":45}},"9":{"start":{"line":40,"column":8},"end":{"line":45,"column":10}},"10":{"start":{"line":43,"column":25},"end":{"line":43,"column":57}},"11":{"start":{"line":44,"column":26},"end":{"line":44,"column":45}}},"fnMap":{"0":{"name":"NotasScreen","decl":{"start":{"line":8,"column":24},"end":{"line":8,"column":35}},"loc":{"start":{"line":8,"column":38},"end":{"line":49,"column":1}},"line":8},"1":{"name":"(anonymous_1)","decl":{"start":{"line":30,"column":31},"end":{"line":30,"column":32}},"loc":{"start":{"line":30,"column":38},"end":{"line":30,"column":49}},"line":30},"2":{"name":"(anonymous_2)","decl":{"start":{"line":35,"column":18},"end":{"line":35,"column":19}},"loc":{"start":{"line":35,"column":25},"end":{"line":35,"column":45}},"line":35},"3":{"name":"(anonymous_3)","decl":{"start":{"line":39,"column":18},"end":{"line":39,"column":19}},"loc":{"start":{"line":40,"column":8},"end":{"line":45,"column":10}},"line":40},"4":{"name":"(anonymous_4)","decl":{"start":{"line":43,"column":19},"end":{"line":43,"column":20}},"loc":{"start":{"line":43,"column":25},"end":{"line":43,"column":57}},"line":43},"5":{"name":"(anonymous_5)","decl":{"start":{"line":44,"column":20},"end":{"line":44,"column":21}},"loc":{"start":{"line":44,"column":26},"end":{"line":44,"column":45}},"line":44}},"branchMap":{"0":{"loc":{"start":{"line":13,"column":2},"end":{"line":28,"column":3}},"type":"if","locations":[{"start":{"line":13,"column":2},"end":{"line":28,"column":3}},{"start":{},"end":{}}],"line":13}},"s":{"0":2,"1":2,"2":2,"3":2,"4":0,"5":2,"6":2,"7":2,"8":0,"9":0,"10":0,"11":0},"f":{"0":2,"1":2,"2":0,"3":0,"4":0,"5":0},"b":{"0":[0,2]},"_coverageSchema":"1a1c01bbd47fc00a2c39e90264f33305004495a9","hash":"2581c8f1f38a62cbea4b086dfd453d794f0fde22"}
,"C:\\Users\\jose_\\Documents\\noteflow_55\\constants\\theme.ts": {"path":"C:\\Users\\jose_\\Documents\\noteflow_55\\constants\\theme.ts","statementMap":{"0":{"start":{"line":3,"column":22},"end":{"line":30,"column":1}},"1":{"start":{"line":32,"column":26},"end":{"line":47,"column":1}},"2":{"start":{"line":49,"column":23},"end":{"line":55,"column":1}},"3":{"start":{"line":57,"column":28},"end":{"line":62,"column":1}},"4":{"start":{"line":67,"column":17},"end":{"line":67,"column":44}},"5":{"start":{"line":68,"column":2},"end":{"line":68,"column":56}}},"fnMap":{"0":{"name":"useTheme","decl":{"start":{"line":66,"column":16},"end":{"line":66,"column":24}},"loc":{"start":{"line":66,"column":34},"end":{"line":69,"column":1}},"line":66}},"branchMap":{"0":{"loc":{"start":{"line":67,"column":17},"end":{"line":67,"column":44}},"type":"binary-expr","locations":[{"start":{"line":67,"column":17},"end":{"line":67,"column":33}},{"start":{"line":67,"column":37},"end":{"line":67,"column":44}}],"line":67},"1":{"loc":{"start":{"line":68,"column":9},"end":{"line":68,"column":55}},"type":"cond-expr","locations":[{"start":{"line":68,"column":29},"end":{"line":68,"column":40}},{"start":{"line":68,"column":43},"end":{"line":68,"column":55}}],"line":68}},"s":{"0":3,"1":3,"2":3,"3":3,"4":6,"5":6},"f":{"0":6},"b":{"0":[6,0],"1":[0,6]},"_coverageSchema":"1a1c01bbd47fc00a2c39e90264f33305004495a9","hash":"ff5216c6ceb47d2bc83e87e6f466bba9e5c9ab05"}
,"C:\\Users\\jose_\\Documents\\noteflow_55\\store\\notesStore.ts": {"path":"C:\\Users\\jose_\\Documents\\noteflow_55\\store\\notesStore.ts","statementMap":{"0":{"start":{"line":39,"column":17},"end":{"line":47,"column":2}},"1":{"start":{"line":39,"column":33},"end":{"line":47,"column":1}},"2":{"start":{"line":49,"column":29},"end":{"line":185,"column":3}},"3":{"start":{"line":49,"column":65},"end":{"line":185,"column":1}},"4":{"start":{"line":58,"column":4},"end":{"line":58,"column":42}},"5":{"start":{"line":59,"column":4},"end":{"line":75,"column":5}},"6":{"start":{"line":60,"column":41},"end":{"line":64,"column":8}},"7":{"start":{"line":65,"column":6},"end":{"line":70,"column":9}},"8":{"start":{"line":72,"column":6},"end":{"line":72,"column":63}},"9":{"start":{"line":74,"column":6},"end":{"line":74,"column":32}},"10":{"start":{"line":79,"column":20},"end":{"line":79,"column":46}},"11":{"start":{"line":80,"column":19},"end":{"line":80,"column":36}},"12":{"start":{"line":81,"column":4},"end":{"line":81,"column":50}},"13":{"start":{"line":81,"column":16},"end":{"line":81,"column":47}},"14":{"start":{"line":82,"column":4},"end":{"line":82,"column":18}},"15":{"start":{"line":86,"column":20},"end":{"line":86,"column":56}},"16":{"start":{"line":87,"column":19},"end":{"line":87,"column":36}},"17":{"start":{"line":88,"column":4},"end":{"line":88,"column":60}},"18":{"start":{"line":88,"column":16},"end":{"line":88,"column":57}},"19":{"start":{"line":89,"column":4},"end":{"line":89,"column":18}},"20":{"start":{"line":93,"column":20},"end":{"line":93,"column":46}},"21":{"start":{"line":94,"column":19},"end":{"line":94,"column":36}},"22":{"start":{"line":95,"column":4},"end":{"line":95,"column":50}},"23":{"start":{"line":95,"column":16},"end":{"line":95,"column":47}},"24":{"start":{"line":96,"column":4},"end":{"line":96,"column":18}},"25":{"start":{"line":100,"column":4},"end":{"line":100,"column":29}},"26":{"start":{"line":101,"column":4},"end":{"line":101,"column":64}},"27":{"start":{"line":101,"column":16},"end":{"line":101,"column":61}},"28":{"start":{"line":101,"column":47},"end":{"line":101,"column":58}},"29":{"start":{"line":105,"column":4},"end":{"line":105,"column":34}},"30":{"start":{"line":106,"column":4},"end":{"line":106,"column":74}},"31":{"start":{"line":106,"column":16},"end":{"line":106,"column":71}},"32":{"start":{"line":106,"column":57},"end":{"line":106,"column":68}},"33":{"start":{"line":110,"column":4},"end":{"line":110,"column":29}},"34":{"start":{"line":111,"column":4},"end":{"line":111,"column":64}},"35":{"start":{"line":111,"column":16},"end":{"line":111,"column":61}},"36":{"start":{"line":111,"column":47},"end":{"line":111,"column":58}},"37":{"start":{"line":115,"column":4},"end":{"line":115,"column":49}},"38":{"start":{"line":116,"column":4},"end":{"line":116,"column":92}},"39":{"start":{"line":116,"column":16},"end":{"line":116,"column":89}},"40":{"start":{"line":116,"column":44},"end":{"line":116,"column":86}},"41":{"start":{"line":120,"column":4},"end":{"line":120,"column":54}},"42":{"start":{"line":121,"column":4},"end":{"line":121,"column":102}},"43":{"start":{"line":121,"column":16},"end":{"line":121,"column":99}},"44":{"start":{"line":121,"column":54},"end":{"line":121,"column":96}},"45":{"start":{"line":125,"column":4},"end":{"line":125,"column":49}},"46":{"start":{"line":126,"column":4},"end":{"line":126,"column":92}},"47":{"start":{"line":126,"column":16},"end":{"line":126,"column":89}},"48":{"start":{"line":126,"column":44},"end":{"line":126,"column":86}},"49":{"start":{"line":130,"column":4},"end":{"line":130,"column":50}},"50":{"start":{"line":131,"column":4},"end":{"line":131,"column":93}},"51":{"start":{"line":131,"column":16},"end":{"line":131,"column":90}},"52":{"start":{"line":131,"column":44},"end":{"line":131,"column":87}},"53":{"start":{"line":135,"column":4},"end":{"line":135,"column":55}},"54":{"start":{"line":136,"column":4},"end":{"line":136,"column":103}},"55":{"start":{"line":136,"column":16},"end":{"line":136,"column":100}},"56":{"start":{"line":136,"column":54},"end":{"line":136,"column":97}},"57":{"start":{"line":140,"column":4},"end":{"line":140,"column":50}},"58":{"start":{"line":141,"column":4},"end":{"line":141,"column":93}},"59":{"start":{"line":141,"column":16},"end":{"line":141,"column":90}},"60":{"start":{"line":141,"column":44},"end":{"line":141,"column":87}},"61":{"start":{"line":145,"column":20},"end":{"line":145,"column":50}},"62":{"start":{"line":146,"column":4},"end":{"line":146,"column":85}},"63":{"start":{"line":146,"column":16},"end":{"line":146,"column":82}},"64":{"start":{"line":146,"column":44},"end":{"line":146,"column":79}},"65":{"start":{"line":150,"column":20},"end":{"line":150,"column":55}},"66":{"start":{"line":151,"column":4},"end":{"line":151,"column":95}},"67":{"start":{"line":151,"column":16},"end":{"line":151,"column":92}},"68":{"start":{"line":151,"column":54},"end":{"line":151,"column":89}},"69":{"start":{"line":155,"column":20},"end":{"line":155,"column":50}},"70":{"start":{"line":156,"column":4},"end":{"line":156,"column":85}},"71":{"start":{"line":156,"column":16},"end":{"line":156,"column":82}},"72":{"start":{"line":156,"column":44},"end":{"line":156,"column":79}},"73":{"start":{"line":160,"column":4},"end":{"line":171,"column":7}},"74":{"start":{"line":161,"column":18},"end":{"line":161,"column":73}},"75":{"start":{"line":161,"column":52},"end":{"line":161,"column":72}},"76":{"start":{"line":162,"column":6},"end":{"line":162,"column":35}},"77":{"start":{"line":162,"column":22},"end":{"line":162,"column":35}},"78":{"start":{"line":163,"column":24},"end":{"line":163,"column":45}},"79":{"start":{"line":164,"column":27},"end":{"line":166,"column":7}},"80":{"start":{"line":165,"column":8},"end":{"line":165,"column":67}},"81":{"start":{"line":167,"column":31},"end":{"line":167,"column":91}},"82":{"start":{"line":168,"column":28},"end":{"line":168,"column":49}},"83":{"start":{"line":169,"column":6},"end":{"line":169,"column":44}},"84":{"start":{"line":170,"column":6},"end":{"line":170,"column":43}},"85":{"start":{"line":173,"column":4},"end":{"line":175,"column":7}},"86":{"start":{"line":174,"column":42},"end":{"line":174,"column":62}},"87":{"start":{"line":179,"column":4},"end":{"line":183,"column":8}},"88":{"start":{"line":179,"column":16},"end":{"line":183,"column":5}},"89":{"start":{"line":180,"column":32},"end":{"line":180,"column":68}},"90":{"start":{"line":181,"column":42},"end":{"line":181,"column":78}},"91":{"start":{"line":182,"column":32},"end":{"line":182,"column":68}}},"fnMap":{"0":{"name":"(anonymous_0)","decl":{"start":{"line":39,"column":17},"end":{"line":39,"column":18}},"loc":{"start":{"line":39,"column":33},"end":{"line":47,"column":1}},"line":39},"1":{"name":"(anonymous_1)","decl":{"start":{"line":49,"column":50},"end":{"line":49,"column":51}},"loc":{"start":{"line":49,"column":65},"end":{"line":185,"column":1}},"line":49},"2":{"name":"(anonymous_2)","decl":{"start":{"line":57,"column":12},"end":{"line":57,"column":13}},"loc":{"start":{"line":57,"column":24},"end":{"line":76,"column":3}},"line":57},"3":{"name":"(anonymous_3)","decl":{"start":{"line":78,"column":11},"end":{"line":78,"column":12}},"loc":{"start":{"line":78,"column":27},"end":{"line":83,"column":3}},"line":78},"4":{"name":"(anonymous_4)","decl":{"start":{"line":81,"column":8},"end":{"line":81,"column":9}},"loc":{"start":{"line":81,"column":16},"end":{"line":81,"column":47}},"line":81},"5":{"name":"(anonymous_5)","decl":{"start":{"line":85,"column":16},"end":{"line":85,"column":17}},"loc":{"start":{"line":85,"column":37},"end":{"line":90,"column":3}},"line":85},"6":{"name":"(anonymous_6)","decl":{"start":{"line":88,"column":8},"end":{"line":88,"column":9}},"loc":{"start":{"line":88,"column":16},"end":{"line":88,"column":57}},"line":88},"7":{"name":"(anonymous_7)","decl":{"start":{"line":92,"column":11},"end":{"line":92,"column":12}},"loc":{"start":{"line":92,"column":27},"end":{"line":97,"column":3}},"line":92},"8":{"name":"(anonymous_8)","decl":{"start":{"line":95,"column":8},"end":{"line":95,"column":9}},"loc":{"start":{"line":95,"column":16},"end":{"line":95,"column":47}},"line":95},"9":{"name":"(anonymous_9)","decl":{"start":{"line":99,"column":14},"end":{"line":99,"column":15}},"loc":{"start":{"line":99,"column":28},"end":{"line":102,"column":3}},"line":99},"10":{"name":"(anonymous_10)","decl":{"start":{"line":101,"column":8},"end":{"line":101,"column":9}},"loc":{"start":{"line":101,"column":16},"end":{"line":101,"column":61}},"line":101},"11":{"name":"(anonymous_11)","decl":{"start":{"line":101,"column":40},"end":{"line":101,"column":41}},"loc":{"start":{"line":101,"column":47},"end":{"line":101,"column":58}},"line":101},"12":{"name":"(anonymous_12)","decl":{"start":{"line":104,"column":19},"end":{"line":104,"column":20}},"loc":{"start":{"line":104,"column":33},"end":{"line":107,"column":3}},"line":104},"13":{"name":"(anonymous_13)","decl":{"start":{"line":106,"column":8},"end":{"line":106,"column":9}},"loc":{"start":{"line":106,"column":16},"end":{"line":106,"column":71}},"line":106},"14":{"name":"(anonymous_14)","decl":{"start":{"line":106,"column":50},"end":{"line":106,"column":51}},"loc":{"start":{"line":106,"column":57},"end":{"line":106,"column":68}},"line":106},"15":{"name":"(anonymous_15)","decl":{"start":{"line":109,"column":14},"end":{"line":109,"column":15}},"loc":{"start":{"line":109,"column":28},"end":{"line":112,"column":3}},"line":109},"16":{"name":"(anonymous_16)","decl":{"start":{"line":111,"column":8},"end":{"line":111,"column":9}},"loc":{"start":{"line":111,"column":16},"end":{"line":111,"column":61}},"line":111},"17":{"name":"(anonymous_17)","decl":{"start":{"line":111,"column":40},"end":{"line":111,"column":41}},"loc":{"start":{"line":111,"column":47},"end":{"line":111,"column":58}},"line":111},"18":{"name":"(anonymous_18)","decl":{"start":{"line":114,"column":15},"end":{"line":114,"column":16}},"loc":{"start":{"line":114,"column":29},"end":{"line":117,"column":3}},"line":114},"19":{"name":"(anonymous_19)","decl":{"start":{"line":116,"column":8},"end":{"line":116,"column":9}},"loc":{"start":{"line":116,"column":16},"end":{"line":116,"column":89}},"line":116},"20":{"name":"(anonymous_20)","decl":{"start":{"line":116,"column":37},"end":{"line":116,"column":38}},"loc":{"start":{"line":116,"column":44},"end":{"line":116,"column":86}},"line":116},"21":{"name":"(anonymous_21)","decl":{"start":{"line":119,"column":20},"end":{"line":119,"column":21}},"loc":{"start":{"line":119,"column":34},"end":{"line":122,"column":3}},"line":119},"22":{"name":"(anonymous_22)","decl":{"start":{"line":121,"column":8},"end":{"line":121,"column":9}},"loc":{"start":{"line":121,"column":16},"end":{"line":121,"column":99}},"line":121},"23":{"name":"(anonymous_23)","decl":{"start":{"line":121,"column":47},"end":{"line":121,"column":48}},"loc":{"start":{"line":121,"column":54},"end":{"line":121,"column":96}},"line":121},"24":{"name":"(anonymous_24)","decl":{"start":{"line":124,"column":15},"end":{"line":124,"column":16}},"loc":{"start":{"line":124,"column":29},"end":{"line":127,"column":3}},"line":124},"25":{"name":"(anonymous_25)","decl":{"start":{"line":126,"column":8},"end":{"line":126,"column":9}},"loc":{"start":{"line":126,"column":16},"end":{"line":126,"column":89}},"line":126},"26":{"name":"(anonymous_26)","decl":{"start":{"line":126,"column":37},"end":{"line":126,"column":38}},"loc":{"start":{"line":126,"column":44},"end":{"line":126,"column":86}},"line":126},"27":{"name":"(anonymous_27)","decl":{"start":{"line":129,"column":17},"end":{"line":129,"column":18}},"loc":{"start":{"line":129,"column":31},"end":{"line":132,"column":3}},"line":129},"28":{"name":"(anonymous_28)","decl":{"start":{"line":131,"column":8},"end":{"line":131,"column":9}},"loc":{"start":{"line":131,"column":16},"end":{"line":131,"column":90}},"line":131},"29":{"name":"(anonymous_29)","decl":{"start":{"line":131,"column":37},"end":{"line":131,"column":38}},"loc":{"start":{"line":131,"column":44},"end":{"line":131,"column":87}},"line":131},"30":{"name":"(anonymous_30)","decl":{"start":{"line":134,"column":22},"end":{"line":134,"column":23}},"loc":{"start":{"line":134,"column":36},"end":{"line":137,"column":3}},"line":134},"31":{"name":"(anonymous_31)","decl":{"start":{"line":136,"column":8},"end":{"line":136,"column":9}},"loc":{"start":{"line":136,"column":16},"end":{"line":136,"column":100}},"line":136},"32":{"name":"(anonymous_32)","decl":{"start":{"line":136,"column":47},"end":{"line":136,"column":48}},"loc":{"start":{"line":136,"column":54},"end":{"line":136,"column":97}},"line":136},"33":{"name":"(anonymous_33)","decl":{"start":{"line":139,"column":17},"end":{"line":139,"column":18}},"loc":{"start":{"line":139,"column":31},"end":{"line":142,"column":3}},"line":139},"34":{"name":"(anonymous_34)","decl":{"start":{"line":141,"column":8},"end":{"line":141,"column":9}},"loc":{"start":{"line":141,"column":16},"end":{"line":141,"column":90}},"line":141},"35":{"name":"(anonymous_35)","decl":{"start":{"line":141,"column":37},"end":{"line":141,"column":38}},"loc":{"start":{"line":141,"column":44},"end":{"line":141,"column":87}},"line":141},"36":{"name":"(anonymous_36)","decl":{"start":{"line":144,"column":14},"end":{"line":144,"column":15}},"loc":{"start":{"line":144,"column":34},"end":{"line":147,"column":3}},"line":144},"37":{"name":"(anonymous_37)","decl":{"start":{"line":146,"column":8},"end":{"line":146,"column":9}},"loc":{"start":{"line":146,"column":16},"end":{"line":146,"column":82}},"line":146},"38":{"name":"(anonymous_38)","decl":{"start":{"line":146,"column":37},"end":{"line":146,"column":38}},"loc":{"start":{"line":146,"column":44},"end":{"line":146,"column":79}},"line":146},"39":{"name":"(anonymous_39)","decl":{"start":{"line":149,"column":19},"end":{"line":149,"column":20}},"loc":{"start":{"line":149,"column":39},"end":{"line":152,"column":3}},"line":149},"40":{"name":"(anonymous_40)","decl":{"start":{"line":151,"column":8},"end":{"line":151,"column":9}},"loc":{"start":{"line":151,"column":16},"end":{"line":151,"column":92}},"line":151},"41":{"name":"(anonymous_41)","decl":{"start":{"line":151,"column":47},"end":{"line":151,"column":48}},"loc":{"start":{"line":151,"column":54},"end":{"line":151,"column":89}},"line":151},"42":{"name":"(anonymous_42)","decl":{"start":{"line":154,"column":14},"end":{"line":154,"column":15}},"loc":{"start":{"line":154,"column":34},"end":{"line":157,"column":3}},"line":154},"43":{"name":"(anonymous_43)","decl":{"start":{"line":156,"column":8},"end":{"line":156,"column":9}},"loc":{"start":{"line":156,"column":16},"end":{"line":156,"column":82}},"line":156},"44":{"name":"(anonymous_44)","decl":{"start":{"line":156,"column":37},"end":{"line":156,"column":38}},"loc":{"start":{"line":156,"column":44},"end":{"line":156,"column":79}},"line":156},"45":{"name":"(anonymous_45)","decl":{"start":{"line":159,"column":23},"end":{"line":159,"column":24}},"loc":{"start":{"line":159,"column":54},"end":{"line":176,"column":3}},"line":159},"46":{"name":"(anonymous_46)","decl":{"start":{"line":160,"column":8},"end":{"line":160,"column":9}},"loc":{"start":{"line":160,"column":19},"end":{"line":171,"column":5}},"line":160},"47":{"name":"(anonymous_47)","decl":{"start":{"line":161,"column":45},"end":{"line":161,"column":46}},"loc":{"start":{"line":161,"column":52},"end":{"line":161,"column":72}},"line":161},"48":{"name":"(anonymous_48)","decl":{"start":{"line":164,"column":47},"end":{"line":164,"column":48}},"loc":{"start":{"line":165,"column":8},"end":{"line":165,"column":67}},"line":165},"49":{"name":"(anonymous_49)","decl":{"start":{"line":174,"column":35},"end":{"line":174,"column":36}},"loc":{"start":{"line":174,"column":42},"end":{"line":174,"column":62}},"line":174},"50":{"name":"(anonymous_50)","decl":{"start":{"line":178,"column":22},"end":{"line":178,"column":23}},"loc":{"start":{"line":178,"column":46},"end":{"line":184,"column":3}},"line":178},"51":{"name":"(anonymous_51)","decl":{"start":{"line":179,"column":8},"end":{"line":179,"column":9}},"loc":{"start":{"line":179,"column":16},"end":{"line":183,"column":5}},"line":179},"52":{"name":"(anonymous_52)","decl":{"start":{"line":180,"column":25},"end":{"line":180,"column":26}},"loc":{"start":{"line":180,"column":32},"end":{"line":180,"column":68}},"line":180},"53":{"name":"(anonymous_53)","decl":{"start":{"line":181,"column":35},"end":{"line":181,"column":36}},"loc":{"start":{"line":181,"column":42},"end":{"line":181,"column":78}},"line":181},"54":{"name":"(anonymous_54)","decl":{"start":{"line":182,"column":25},"end":{"line":182,"column":26}},"loc":{"start":{"line":182,"column":32},"end":{"line":182,"column":68}},"line":182}},"branchMap":{"0":{"loc":{"start":{"line":44,"column":12},"end":{"line":46,"column":15}},"type":"cond-expr","locations":[{"start":{"line":45,"column":7},"end":{"line":45,"column":84}},{"start":{"line":46,"column":6},"end":{"line":46,"column":15}}],"line":44},"1":{"loc":{"start":{"line":45,"column":7},"end":{"line":45,"column":84}},"type":"cond-expr","locations":[{"start":{"line":45,"column":43},"end":{"line":45,"column":68}},{"start":{"line":45,"column":71},"end":{"line":45,"column":84}}],"line":45},"2":{"loc":{"start":{"line":116,"column":44},"end":{"line":116,"column":86}},"type":"cond-expr","locations":[{"start":{"line":116,"column":58},"end":{"line":116,"column":82}},{"start":{"line":116,"column":85},"end":{"line":116,"column":86}}],"line":116},"3":{"loc":{"start":{"line":121,"column":54},"end":{"line":121,"column":96}},"type":"cond-expr","locations":[{"start":{"line":121,"column":68},"end":{"line":121,"column":92}},{"start":{"line":121,"column":95},"end":{"line":121,"column":96}}],"line":121},"4":{"loc":{"start":{"line":126,"column":44},"end":{"line":126,"column":86}},"type":"cond-expr","locations":[{"start":{"line":126,"column":58},"end":{"line":126,"column":82}},{"start":{"line":126,"column":85},"end":{"line":126,"column":86}}],"line":126},"5":{"loc":{"start":{"line":131,"column":44},"end":{"line":131,"column":87}},"type":"cond-expr","locations":[{"start":{"line":131,"column":58},"end":{"line":131,"column":83}},{"start":{"line":131,"column":86},"end":{"line":131,"column":87}}],"line":131},"6":{"loc":{"start":{"line":136,"column":54},"end":{"line":136,"column":97}},"type":"cond-expr","locations":[{"start":{"line":136,"column":68},"end":{"line":136,"column":93}},{"start":{"line":136,"column":96},"end":{"line":136,"column":97}}],"line":136},"7":{"loc":{"start":{"line":141,"column":44},"end":{"line":141,"column":87}},"type":"cond-expr","locations":[{"start":{"line":141,"column":58},"end":{"line":141,"column":83}},{"start":{"line":141,"column":86},"end":{"line":141,"column":87}}],"line":141},"8":{"loc":{"start":{"line":146,"column":44},"end":{"line":146,"column":79}},"type":"cond-expr","locations":[{"start":{"line":146,"column":58},"end":{"line":146,"column":75}},{"start":{"line":146,"column":78},"end":{"line":146,"column":79}}],"line":146},"9":{"loc":{"start":{"line":151,"column":54},"end":{"line":151,"column":89}},"type":"cond-expr","locations":[{"start":{"line":151,"column":68},"end":{"line":151,"column":85}},{"start":{"line":151,"column":88},"end":{"line":151,"column":89}}],"line":151},"10":{"loc":{"start":{"line":156,"column":44},"end":{"line":156,"column":79}},"type":"cond-expr","locations":[{"start":{"line":156,"column":58},"end":{"line":156,"column":75}},{"start":{"line":156,"column":78},"end":{"line":156,"column":79}}],"line":156},"11":{"loc":{"start":{"line":162,"column":6},"end":{"line":162,"column":35}},"type":"if","locations":[{"start":{"line":162,"column":6},"end":{"line":162,"column":35}},{"start":{},"end":{}}],"line":162},"12":{"loc":{"start":{"line":165,"column":8},"end":{"line":165,"column":67}},"type":"cond-expr","locations":[{"start":{"line":165,"column":26},"end":{"line":165,"column":63}},{"start":{"line":165,"column":66},"end":{"line":165,"column":67}}],"line":165},"13":{"loc":{"start":{"line":180,"column":32},"end":{"line":180,"column":68}},"type":"cond-expr","locations":[{"start":{"line":180,"column":46},"end":{"line":180,"column":64}},{"start":{"line":180,"column":67},"end":{"line":180,"column":68}}],"line":180},"14":{"loc":{"start":{"line":181,"column":42},"end":{"line":181,"column":78}},"type":"cond-expr","locations":[{"start":{"line":181,"column":56},"end":{"line":181,"column":74}},{"start":{"line":181,"column":77},"end":{"line":181,"column":78}}],"line":181},"15":{"loc":{"start":{"line":182,"column":32},"end":{"line":182,"column":68}},"type":"cond-expr","locations":[{"start":{"line":182,"column":46},"end":{"line":182,"column":64}},{"start":{"line":182,"column":67},"end":{"line":182,"column":68}}],"line":182}},"s":{"0":4,"1":3,"2":4,"3":4,"4":1,"5":1,"6":1,"7":1,"8":0,"9":1,"10":1,"11":1,"12":1,"13":1,"14":1,"15":1,"16":1,"17":1,"18":1,"19":1,"20":1,"21":1,"22":1,"23":1,"24":1,"25":1,"26":1,"27":1,"28":1,"29":1,"30":1,"31":1,"32":1,"33":1,"34":1,"35":1,"36":1,"37":1,"38":1,"39":1,"40":1,"41":1,"42":1,"43":1,"44":1,"45":0,"46":0,"47":0,"48":0,"49":1,"50":1,"51":1,"52":1,"53":0,"54":0,"55":0,"56":0,"57":0,"58":0,"59":0,"60":0,"61":0,"62":0,"63":0,"64":0,"65":0,"66":0,"67":0,"68":0,"69":0,"70":0,"71":0,"72":0,"73":0,"74":0,"75":0,"76":0,"77":0,"78":0,"79":0,"80":0,"81":0,"82":0,"83":0,"84":0,"85":0,"86":0,"87":0,"88":0,"89":0,"90":0,"91":0},"f":{"0":3,"1":4,"2":1,"3":1,"4":1,"5":1,"6":1,"7":1,"8":1,"9":1,"10":1,"11":1,"12":1,"13":1,"14":1,"15":1,"16":1,"17":1,"18":1,"19":1,"20":1,"21":1,"22":1,"23":1,"24":0,"25":0,"26":0,"27":1,"28":1,"29":1,"30":0,"31":0,"32":0,"33":0,"34":0,"35":0,"36":0,"37":0,"38":0,"39":0,"40":0,"41":0,"42":0,"43":0,"44":0,"45":0,"46":0,"47":0,"48":0,"49":0,"50":0,"51":0,"52":0,"53":0,"54":0},"b":{"0":[0,3],"1":[0,0],"2":[1,0],"3":[1,0],"4":[0,0],"5":[1,0],"6":[0,0],"7":[0,0],"8":[0,0],"9":[0,0],"10":[0,0],"11":[0,0],"12":[0,0],"13":[0,0],"14":[0,0],"15":[0,0]},"_coverageSchema":"1a1c01bbd47fc00a2c39e90264f33305004495a9","hash":"aeab70fffdddb2ce7b73685348cacf7282517f8d"}
}
