TN:
SF:app\(tabs)\checklists.tsx
FN:9,ChecklistsScreen
FN:31,(anonymous_1)
FN:36,(anonymous_2)
FN:36,(anonymous_3)
FN:40,(anonymous_4)
FN:44,(anonymous_5)
FN:45,(anonymous_6)
FNF:7
FNH:2
FNDA:2,ChecklistsScreen
FNDA:1,(anonymous_1)
FNDA:0,(anonymous_2)
FNDA:0,(anonymous_3)
FNDA:0,(anonymous_4)
FNDA:0,(anonymous_5)
FNDA:0,(anonymous_6)
DA:10,2
DA:11,2
DA:12,2
DA:14,2
DA:15,0
DA:31,2
DA:33,2
DA:36,0
DA:41,0
DA:44,0
DA:45,0
LF:11
LH:6
BRDA:14,0,0,0
BRDA:14,0,1,2
BRF:2
BRH:1
end_of_record
TN:
SF:app\(tabs)\ideas.tsx
FN:9,IdeasScreen
FN:31,(anonymous_1)
FN:36,(anonymous_2)
FN:40,(anonymous_3)
FN:44,(anonymous_4)
FN:45,(anonymous_5)
FNF:6
FNH:2
FNDA:2,IdeasScreen
FNDA:1,(anonymous_1)
FNDA:0,(anonymous_2)
FNDA:0,(anonymous_3)
FNDA:0,(anonymous_4)
FNDA:0,(anonymous_5)
DA:10,2
DA:11,2
DA:12,2
DA:14,2
DA:15,0
DA:31,2
DA:33,2
DA:36,0
DA:41,0
DA:44,0
DA:45,0
LF:11
LH:6
BRDA:14,0,0,0
BRDA:14,0,1,2
BRDA:36,1,0,0
BRDA:36,1,1,0
BRF:4
BRH:1
end_of_record
TN:
SF:app\(tabs)\notas.tsx
FN:8,NotasScreen
FN:30,(anonymous_1)
FN:35,(anonymous_2)
FN:39,(anonymous_3)
FN:43,(anonymous_4)
FN:44,(anonymous_5)
FNF:6
FNH:2
FNDA:2,NotasScreen
FNDA:2,(anonymous_1)
FNDA:0,(anonymous_2)
FNDA:0,(anonymous_3)
FNDA:0,(anonymous_4)
FNDA:0,(anonymous_5)
DA:9,2
DA:10,2
DA:11,2
DA:13,2
DA:14,0
DA:30,2
DA:32,2
DA:35,0
DA:40,0
DA:43,0
DA:44,0
LF:11
LH:6
BRDA:13,0,0,0
BRDA:13,0,1,2
BRF:2
BRH:1
end_of_record
TN:
SF:constants\theme.ts
FN:66,useTheme
FNF:1
FNH:1
FNDA:6,useTheme
DA:3,3
DA:32,3
DA:49,3
DA:57,3
DA:67,6
DA:68,6
LF:6
LH:6
BRDA:67,0,0,6
BRDA:67,0,1,0
BRDA:68,1,0,0
BRDA:68,1,1,6
BRF:4
BRH:2
end_of_record
TN:
SF:store\notesStore.ts
FN:39,(anonymous_0)
FN:49,(anonymous_1)
FN:57,(anonymous_2)
FN:78,(anonymous_3)
FN:81,(anonymous_4)
FN:85,(anonymous_5)
FN:88,(anonymous_6)
FN:92,(anonymous_7)
FN:95,(anonymous_8)
FN:99,(anonymous_9)
FN:101,(anonymous_10)
FN:101,(anonymous_11)
FN:104,(anonymous_12)
FN:106,(anonymous_13)
FN:106,(anonymous_14)
FN:109,(anonymous_15)
FN:111,(anonymous_16)
FN:111,(anonymous_17)
FN:114,(anonymous_18)
FN:116,(anonymous_19)
FN:116,(anonymous_20)
FN:119,(anonymous_21)
FN:121,(anonymous_22)
FN:121,(anonymous_23)
FN:124,(anonymous_24)
FN:126,(anonymous_25)
FN:126,(anonymous_26)
FN:129,(anonymous_27)
FN:131,(anonymous_28)
FN:131,(anonymous_29)
FN:134,(anonymous_30)
FN:136,(anonymous_31)
FN:136,(anonymous_32)
FN:139,(anonymous_33)
FN:141,(anonymous_34)
FN:141,(anonymous_35)
FN:144,(anonymous_36)
FN:146,(anonymous_37)
FN:146,(anonymous_38)
FN:149,(anonymous_39)
FN:151,(anonymous_40)
FN:151,(anonymous_41)
FN:154,(anonymous_42)
FN:156,(anonymous_43)
FN:156,(anonymous_44)
FN:159,(anonymous_45)
FN:160,(anonymous_46)
FN:161,(anonymous_47)
FN:164,(anonymous_48)
FN:174,(anonymous_49)
FN:178,(anonymous_50)
FN:179,(anonymous_51)
FN:180,(anonymous_52)
FN:181,(anonymous_53)
FN:182,(anonymous_54)
FNF:55
FNH:27
FNDA:3,(anonymous_0)
FNDA:4,(anonymous_1)
FNDA:1,(anonymous_2)
FNDA:1,(anonymous_3)
FNDA:1,(anonymous_4)
FNDA:1,(anonymous_5)
FNDA:1,(anonymous_6)
FNDA:1,(anonymous_7)
FNDA:1,(anonymous_8)
FNDA:1,(anonymous_9)
FNDA:1,(anonymous_10)
FNDA:1,(anonymous_11)
FNDA:1,(anonymous_12)
FNDA:1,(anonymous_13)
FNDA:1,(anonymous_14)
FNDA:1,(anonymous_15)
FNDA:1,(anonymous_16)
FNDA:1,(anonymous_17)
FNDA:1,(anonymous_18)
FNDA:1,(anonymous_19)
FNDA:1,(anonymous_20)
FNDA:1,(anonymous_21)
FNDA:1,(anonymous_22)
FNDA:1,(anonymous_23)
FNDA:0,(anonymous_24)
FNDA:0,(anonymous_25)
FNDA:0,(anonymous_26)
FNDA:1,(anonymous_27)
FNDA:1,(anonymous_28)
FNDA:1,(anonymous_29)
FNDA:0,(anonymous_30)
FNDA:0,(anonymous_31)
FNDA:0,(anonymous_32)
FNDA:0,(anonymous_33)
FNDA:0,(anonymous_34)
FNDA:0,(anonymous_35)
FNDA:0,(anonymous_36)
FNDA:0,(anonymous_37)
FNDA:0,(anonymous_38)
FNDA:0,(anonymous_39)
FNDA:0,(anonymous_40)
FNDA:0,(anonymous_41)
FNDA:0,(anonymous_42)
FNDA:0,(anonymous_43)
FNDA:0,(anonymous_44)
FNDA:0,(anonymous_45)
FNDA:0,(anonymous_46)
FNDA:0,(anonymous_47)
FNDA:0,(anonymous_48)
FNDA:0,(anonymous_49)
FNDA:0,(anonymous_50)
FNDA:0,(anonymous_51)
FNDA:0,(anonymous_52)
FNDA:0,(anonymous_53)
FNDA:0,(anonymous_54)
DA:39,4
DA:49,4
DA:58,1
DA:59,1
DA:60,1
DA:65,1
DA:72,0
DA:74,1
DA:79,1
DA:80,1
DA:81,1
DA:82,1
DA:86,1
DA:87,1
DA:88,1
DA:89,1
DA:93,1
DA:94,1
DA:95,1
DA:96,1
DA:100,1
DA:101,1
DA:105,1
DA:106,1
DA:110,1
DA:111,1
DA:115,1
DA:116,1
DA:120,1
DA:121,1
DA:125,0
DA:126,0
DA:130,1
DA:131,1
DA:135,0
DA:136,0
DA:140,0
DA:141,0
DA:145,0
DA:146,0
DA:150,0
DA:151,0
DA:155,0
DA:156,0
DA:160,0
DA:161,0
DA:162,0
DA:163,0
DA:164,0
DA:165,0
DA:167,0
DA:168,0
DA:169,0
DA:170,0
DA:173,0
DA:174,0
DA:179,0
DA:180,0
DA:181,0
DA:182,0
LF:60
LH:31
BRDA:44,0,0,0
BRDA:44,0,1,3
BRDA:45,1,0,0
BRDA:45,1,1,0
BRDA:116,2,0,1
BRDA:116,2,1,0
BRDA:121,3,0,1
BRDA:121,3,1,0
BRDA:126,4,0,0
BRDA:126,4,1,0
BRDA:131,5,0,1
BRDA:131,5,1,0
BRDA:136,6,0,0
BRDA:136,6,1,0
BRDA:141,7,0,0
BRDA:141,7,1,0
BRDA:146,8,0,0
BRDA:146,8,1,0
BRDA:151,9,0,0
BRDA:151,9,1,0
BRDA:156,10,0,0
BRDA:156,10,1,0
BRDA:162,11,0,0
BRDA:162,11,1,0
BRDA:165,12,0,0
BRDA:165,12,1,0
BRDA:180,13,0,0
BRDA:180,13,1,0
BRDA:181,14,0,0
BRDA:181,14,1,0
BRDA:182,15,0,0
BRDA:182,15,1,0
BRF:32
BRH:4
end_of_record
