TN:
SF:app\(tabs)\checklists.tsx
FN:9,ChecklistsScreen
FN:31,(anonymous_1)
FN:36,(anonymous_2)
FN:36,(anonymous_3)
FN:40,(anonymous_4)
FN:44,(anonymous_5)
FN:45,(anonymous_6)
FNF:7
FNH:2
FNDA:2,ChecklistsScreen
FNDA:1,(anonymous_1)
FNDA:0,(anonymous_2)
FNDA:0,(anonymous_3)
FNDA:0,(anonymous_4)
FNDA:0,(anonymous_5)
FNDA:0,(anonymous_6)
DA:10,2
DA:11,2
DA:12,2
DA:14,2
DA:15,0
DA:31,2
DA:33,2
DA:36,0
DA:41,0
DA:44,0
DA:45,0
LF:11
LH:6
BRDA:14,0,0,0
BRDA:14,0,1,2
BRF:2
BRH:1
end_of_record
TN:
SF:app\(tabs)\ideas.tsx
FN:9,IdeasScreen
FN:31,(anonymous_1)
FN:36,(anonymous_2)
FN:40,(anonymous_3)
FN:44,(anonymous_4)
FN:45,(anonymous_5)
FNF:6
FNH:2
FNDA:2,IdeasScreen
FNDA:1,(anonymous_1)
FNDA:0,(anonymous_2)
FNDA:0,(anonymous_3)
FNDA:0,(anonymous_4)
FNDA:0,(anonymous_5)
DA:10,2
DA:11,2
DA:12,2
DA:14,2
DA:15,0
DA:31,2
DA:33,2
DA:36,0
DA:41,0
DA:44,0
DA:45,0
LF:11
LH:6
BRDA:14,0,0,0
BRDA:14,0,1,2
BRDA:36,1,0,0
BRDA:36,1,1,0
BRF:4
BRH:1
end_of_record
TN:
SF:app\(tabs)\notas.tsx
FN:8,NotasScreen
FN:30,(anonymous_1)
FN:35,(anonymous_2)
FN:39,(anonymous_3)
FN:43,(anonymous_4)
FN:44,(anonymous_5)
FNF:6
FNH:2
FNDA:2,NotasScreen
FNDA:2,(anonymous_1)
FNDA:0,(anonymous_2)
FNDA:0,(anonymous_3)
FNDA:0,(anonymous_4)
FNDA:0,(anonymous_5)
DA:9,2
DA:10,2
DA:11,2
DA:13,2
DA:14,0
DA:30,2
DA:32,2
DA:35,0
DA:40,0
DA:43,0
DA:44,0
LF:11
LH:6
BRDA:13,0,0,0
BRDA:13,0,1,2
BRF:2
BRH:1
end_of_record
TN:
SF:constants\theme.ts
FN:66,useTheme
FNF:1
FNH:1
FNDA:6,useTheme
DA:3,3
DA:32,3
DA:49,3
DA:57,3
DA:67,6
DA:68,6
LF:6
LH:6
BRDA:67,0,0,6
BRDA:67,0,1,0
BRDA:68,1,0,0
BRDA:68,1,1,6
BRF:4
BRH:2
end_of_record
TN:
SF:store\notesStore.ts
FN:47,(anonymous_0)
FN:56,(anonymous_1)
FN:64,(anonymous_2)
FN:85,(anonymous_3)
FN:88,(anonymous_4)
FN:92,(anonymous_5)
FN:95,(anonymous_6)
FN:99,(anonymous_7)
FN:102,(anonymous_8)
FN:106,(anonymous_9)
FN:108,(anonymous_10)
FN:108,(anonymous_11)
FN:111,(anonymous_12)
FN:113,(anonymous_13)
FN:113,(anonymous_14)
FN:116,(anonymous_15)
FN:118,(anonymous_16)
FN:118,(anonymous_17)
FN:121,(anonymous_18)
FN:123,(anonymous_19)
FN:123,(anonymous_20)
FN:126,(anonymous_21)
FN:128,(anonymous_22)
FN:128,(anonymous_23)
FN:131,(anonymous_24)
FN:133,(anonymous_25)
FN:133,(anonymous_26)
FN:136,(anonymous_27)
FN:138,(anonymous_28)
FN:138,(anonymous_29)
FN:141,(anonymous_30)
FN:143,(anonymous_31)
FN:143,(anonymous_32)
FN:146,(anonymous_33)
FN:148,(anonymous_34)
FN:148,(anonymous_35)
FN:151,(anonymous_36)
FN:153,(anonymous_37)
FN:153,(anonymous_38)
FN:156,(anonymous_39)
FN:158,(anonymous_40)
FN:158,(anonymous_41)
FN:161,(anonymous_42)
FN:163,(anonymous_43)
FN:163,(anonymous_44)
FN:166,(anonymous_45)
FN:167,(anonymous_46)
FN:168,(anonymous_47)
FN:171,(anonymous_48)
FN:181,(anonymous_49)
FN:185,(anonymous_50)
FN:186,(anonymous_51)
FN:187,(anonymous_52)
FN:188,(anonymous_53)
FN:189,(anonymous_54)
FNF:55
FNH:36
FNDA:3,(anonymous_0)
FNDA:4,(anonymous_1)
FNDA:1,(anonymous_2)
FNDA:1,(anonymous_3)
FNDA:1,(anonymous_4)
FNDA:1,(anonymous_5)
FNDA:1,(anonymous_6)
FNDA:1,(anonymous_7)
FNDA:1,(anonymous_8)
FNDA:1,(anonymous_9)
FNDA:1,(anonymous_10)
FNDA:1,(anonymous_11)
FNDA:1,(anonymous_12)
FNDA:1,(anonymous_13)
FNDA:1,(anonymous_14)
FNDA:1,(anonymous_15)
FNDA:1,(anonymous_16)
FNDA:1,(anonymous_17)
FNDA:1,(anonymous_18)
FNDA:1,(anonymous_19)
FNDA:1,(anonymous_20)
FNDA:1,(anonymous_21)
FNDA:1,(anonymous_22)
FNDA:1,(anonymous_23)
FNDA:1,(anonymous_24)
FNDA:1,(anonymous_25)
FNDA:1,(anonymous_26)
FNDA:1,(anonymous_27)
FNDA:1,(anonymous_28)
FNDA:1,(anonymous_29)
FNDA:1,(anonymous_30)
FNDA:1,(anonymous_31)
FNDA:1,(anonymous_32)
FNDA:1,(anonymous_33)
FNDA:1,(anonymous_34)
FNDA:1,(anonymous_35)
FNDA:0,(anonymous_36)
FNDA:0,(anonymous_37)
FNDA:0,(anonymous_38)
FNDA:0,(anonymous_39)
FNDA:0,(anonymous_40)
FNDA:0,(anonymous_41)
FNDA:0,(anonymous_42)
FNDA:0,(anonymous_43)
FNDA:0,(anonymous_44)
FNDA:0,(anonymous_45)
FNDA:0,(anonymous_46)
FNDA:0,(anonymous_47)
FNDA:0,(anonymous_48)
FNDA:0,(anonymous_49)
FNDA:0,(anonymous_50)
FNDA:0,(anonymous_51)
FNDA:0,(anonymous_52)
FNDA:0,(anonymous_53)
FNDA:0,(anonymous_54)
DA:47,4
DA:56,4
DA:65,1
DA:66,1
DA:67,1
DA:72,1
DA:79,0
DA:81,1
DA:86,1
DA:87,1
DA:88,1
DA:89,1
DA:93,1
DA:94,1
DA:95,1
DA:96,1
DA:100,1
DA:101,1
DA:102,1
DA:103,1
DA:107,1
DA:108,1
DA:112,1
DA:113,1
DA:117,1
DA:118,1
DA:122,1
DA:123,1
DA:127,1
DA:128,1
DA:132,1
DA:133,1
DA:137,1
DA:138,1
DA:142,1
DA:143,1
DA:147,1
DA:148,1
DA:152,0
DA:153,0
DA:157,0
DA:158,0
DA:162,0
DA:163,0
DA:167,0
DA:168,0
DA:169,0
DA:170,0
DA:171,0
DA:172,0
DA:174,0
DA:175,0
DA:176,0
DA:177,0
DA:180,0
DA:181,0
DA:186,0
DA:187,0
DA:188,0
DA:189,0
LF:60
LH:37
BRDA:51,0,0,0
BRDA:51,0,1,3
BRDA:52,1,0,0
BRDA:52,1,1,0
BRDA:123,2,0,1
BRDA:123,2,1,0
BRDA:128,3,0,1
BRDA:128,3,1,0
BRDA:133,4,0,1
BRDA:133,4,1,0
BRDA:138,5,0,1
BRDA:138,5,1,0
BRDA:143,6,0,1
BRDA:143,6,1,0
BRDA:148,7,0,1
BRDA:148,7,1,0
BRDA:153,8,0,0
BRDA:153,8,1,0
BRDA:158,9,0,0
BRDA:158,9,1,0
BRDA:163,10,0,0
BRDA:163,10,1,0
BRDA:169,11,0,0
BRDA:169,11,1,0
BRDA:172,12,0,0
BRDA:172,12,1,0
BRDA:187,13,0,0
BRDA:187,13,1,0
BRDA:188,14,0,0
BRDA:188,14,1,0
BRDA:189,15,0,0
BRDA:189,15,1,0
BRF:32
BRH:7
end_of_record
